2015-01-11T13:30:31.048650+00:00 app[web.1]: [2015-01-11 13:30:31] INFO  WEBrick 1.3.1
2015-01-11T13:30:31.052833+00:00 app[web.1]: [2015-01-11 13:30:31] INFO  ruby 2.0.0 (2014-11-13) [x86_64-linux]
2015-01-11T13:30:32.833041+00:00 app[web.1]: => Run `rails server -h` for more startup options
2015-01-11T13:30:32.833039+00:00 app[web.1]: => Rails 4.2.0.rc2 application starting in production on http://0.0.0.0:17286
2015-01-11T13:30:32.833031+00:00 app[web.1]: => Booting WEBrick
2015-01-11T13:30:32.833045+00:00 app[web.1]: Started GET "/users/new" for 126.109.129.67 at 2015-01-11 13:30:32 +0000
2015-01-11T13:30:32.833043+00:00 app[web.1]: => Ctrl-C to shutdown server
2015-01-11T13:30:32.940729+00:00 app[web.1]: Processing by UsersController#new as HTML
2015-01-11T13:30:33.249067+00:00 heroku[router]: at=info method=GET path="/users/new" host=ui-practice.herokuapp.com request_id=9b222dbe-139c-4201-9865-2cc6653b3487 fwd="126.109.129.67" dyno=web.1 connect=2ms service=521ms status=200 bytes=4901
2015-01-11T13:30:33.230207+00:00 app[web.1]:   Rendered users/_form.html.slim (220.8ms)
2015-01-11T13:30:33.151112+00:00 app[web.1]:   [1m[36mAddressMaster Load (1.6ms)[0m  [1mSELECT DISTINCT "address_masters"."pref" FROM "address_masters"[0m
2015-01-11T13:30:33.230340+00:00 app[web.1]:   Rendered users/new.html.slim within layouts/application (247.7ms)
2015-01-11T13:30:33.246937+00:00 app[web.1]: Completed 200 OK in 306ms (Views: 263.4ms | ActiveRecord: 18.8ms)
2015-01-11T13:30:33.155312+00:00 app[web.1]:   [1m[35mAddressMaster Load (0.8ms)[0m  SELECT DISTINCT "address_masters"."city" FROM "address_masters" WHERE "address_masters"."pref" IS NULL
2015-01-11T13:30:33.812312+00:00 heroku[router]: at=info method=GET path="/assets/application-25183c254d0b4acb5fcb2d495fd4e57f.css" host=ui-practice.herokuapp.com request_id=be184617-27ae-4ce2-b328-3f089dbea9ca fwd="126.109.129.67" dyno=web.1 connect=1ms service=48ms status=200 bytes=23285
2015-01-11T13:30:34.416977+00:00 heroku[router]: at=info method=GET path="/assets/application-4c042776f39b7c45be0a0870903cdc9b.js" host=ui-practice.herokuapp.com request_id=9921d1ec-d38f-4f3d-b650-039433ef160b fwd="126.109.129.67" dyno=web.1 connect=1ms service=241ms status=200 bytes=47424
2015-01-11T13:30:35.558039+00:00 heroku[router]: at=info method=GET path="/images/favicon.ico" host=ui-practice.herokuapp.com request_id=00c3e6c8-cd73-4722-80f2-179e39dbd9b4 fwd="126.109.129.67" dyno=web.1 connect=0ms service=13ms status=404 bytes=1829
2015-01-11T13:30:35.549124+00:00 app[web.1]: Started GET "/images/favicon.ico" for 126.109.129.67 at 2015-01-11 13:30:35 +0000
2015-01-11T13:30:35.554312+00:00 app[web.1]: 
2015-01-11T13:30:35.554318+00:00 app[web.1]: ActionController::RoutingError (No route matches [GET] "/images/favicon.ico"):
2015-01-11T13:30:35.554325+00:00 app[web.1]:   vendor/bundle/ruby/2.0.0/gems/railties-4.2.0.rc2/lib/rails/rack/logger.rb:20:in `block in call'
2015-01-11T13:30:35.554321+00:00 app[web.1]:   vendor/bundle/ruby/2.0.0/gems/actionpack-4.2.0.rc2/lib/action_dispatch/middleware/show_exceptions.rb:30:in `call'
2015-01-11T13:30:35.554320+00:00 app[web.1]:   vendor/bundle/ruby/2.0.0/gems/actionpack-4.2.0.rc2/lib/action_dispatch/middleware/debug_exceptions.rb:21:in `call'
2015-01-11T13:30:35.554330+00:00 app[web.1]:   vendor/bundle/ruby/2.0.0/gems/activesupport-4.2.0.rc2/lib/active_support/tagged_logging.rb:68:in `tagged'
2015-01-11T13:30:35.554348+00:00 app[web.1]:   vendor/bundle/ruby/2.0.0/gems/rack-1.6.0/lib/rack/content_length.rb:15:in `call'
2015-01-11T13:30:35.554326+00:00 app[web.1]:   vendor/bundle/ruby/2.0.0/gems/activesupport-4.2.0.rc2/lib/active_support/tagged_logging.rb:68:in `block in tagged'
2015-01-11T13:30:35.554333+00:00 app[web.1]:   vendor/bundle/ruby/2.0.0/gems/actionpack-4.2.0.rc2/lib/action_dispatch/middleware/request_id.rb:21:in `call'
2015-01-11T13:30:35.554335+00:00 app[web.1]:   vendor/bundle/ruby/2.0.0/gems/rack-1.6.0/lib/rack/methodoverride.rb:22:in `call'
2015-01-11T13:30:35.554342+00:00 app[web.1]:   vendor/bundle/ruby/2.0.0/gems/rack-1.6.0/lib/rack/sendfile.rb:113:in `call'
2015-01-11T13:30:35.554346+00:00 app[web.1]:   vendor/bundle/ruby/2.0.0/gems/rack-1.6.0/lib/rack/lock.rb:17:in `call'
2015-01-11T13:30:35.554340+00:00 app[web.1]:   vendor/bundle/ruby/2.0.0/gems/actionpack-4.2.0.rc2/lib/action_dispatch/middleware/static.rb:113:in `call'
2015-01-11T13:30:35.554349+00:00 app[web.1]:   vendor/bundle/ruby/2.0.0/gems/rack-1.6.0/lib/rack/handler/webrick.rb:89:in `service'
2015-01-11T13:30:35.554352+00:00 app[web.1]:   vendor/ruby-2.0.0/lib/ruby/2.0.0/webrick/httpserver.rb:94:in `run'
2015-01-11T13:30:35.554343+00:00 app[web.1]:   vendor/bundle/ruby/2.0.0/gems/railties-4.2.0.rc2/lib/rails/engine.rb:518:in `call'
2015-01-11T13:30:35.554355+00:00 app[web.1]: 
2015-01-11T13:30:35.554323+00:00 app[web.1]:   vendor/bundle/ruby/2.0.0/gems/railties-4.2.0.rc2/lib/rails/rack/logger.rb:38:in `call_app'
2015-01-11T13:30:35.554345+00:00 app[web.1]:   vendor/bundle/ruby/2.0.0/gems/railties-4.2.0.rc2/lib/rails/application.rb:164:in `call'
2015-01-11T13:30:35.554328+00:00 app[web.1]:   vendor/bundle/ruby/2.0.0/gems/activesupport-4.2.0.rc2/lib/active_support/tagged_logging.rb:26:in `tagged'
2015-01-11T13:30:35.554332+00:00 app[web.1]:   vendor/bundle/ruby/2.0.0/gems/railties-4.2.0.rc2/lib/rails/rack/logger.rb:20:in `call'
2015-01-11T13:30:35.554354+00:00 app[web.1]:   vendor/ruby-2.0.0/lib/ruby/2.0.0/webrick/server.rb:295:in `block in start_thread'
2015-01-11T13:30:35.554339+00:00 app[web.1]:   vendor/bundle/ruby/2.0.0/gems/activesupport-4.2.0.rc2/lib/active_support/cache/strategy/local_cache_middleware.rb:28:in `call'
2015-01-11T13:30:35.554337+00:00 app[web.1]:   vendor/bundle/ruby/2.0.0/gems/rack-1.6.0/lib/rack/runtime.rb:18:in `call'
2015-01-11T13:30:35.554351+00:00 app[web.1]:   vendor/ruby-2.0.0/lib/ruby/2.0.0/webrick/httpserver.rb:138:in `service'
2015-01-11T13:30:35.554356+00:00 app[web.1]: 
2015-01-11T13:32:31.415791+00:00 heroku[api]: Starting process with command `bundle exec rails c` by m.kwgch@gmail.com
2015-01-11T13:32:35.789507+00:00 heroku[run.2564]: Awaiting client
2015-01-11T13:32:35.818812+00:00 heroku[run.2564]: Starting process with command `bundle exec rails c`
2015-01-11T13:32:36.165214+00:00 heroku[run.2564]: State changed from starting to up
2015-01-11T13:33:28.623049+00:00 heroku[run.2564]: State changed from up to complete
2015-01-11T13:33:28.609124+00:00 heroku[run.2564]: Process exited with status 0
2015-01-11T13:36:13.635771+00:00 heroku[api]: Starting process with command `bundle exec rake db:migrate` by m.kwgch@gmail.com
2015-01-11T13:36:18.309659+00:00 heroku[run.1477]: Awaiting client
2015-01-11T13:36:18.338520+00:00 heroku[run.1477]: Starting process with command `bundle exec rake db:migrate`
2015-01-11T13:36:18.711522+00:00 heroku[run.1477]: State changed from starting to up
2015-01-11T13:36:22.267510+00:00 heroku[run.1477]: Process exited with status 0
2015-01-11T13:36:22.277128+00:00 heroku[run.1477]: State changed from up to complete
2015-01-11T13:39:57.169060+00:00 heroku[api]: Deploy 4d38e73 by m.kwgch@gmail.com
2015-01-11T13:39:57.169060+00:00 heroku[api]: Release v8 created by m.kwgch@gmail.com
2015-01-11T13:39:57.521320+00:00 heroku[web.1]: State changed from up to starting
2015-01-11T13:40:00.134889+00:00 heroku[web.1]: Stopping all processes with SIGTERM
2015-01-11T13:40:00.703417+00:00 app[web.1]: [2015-01-11 13:40:00] FATAL SignalException: SIGTERM
2015-01-11T13:40:00.703452+00:00 app[web.1]: 	/app/vendor/ruby-2.0.0/lib/ruby/2.0.0/webrick/server.rb:170:in `select'
2015-01-11T13:40:00.703455+00:00 app[web.1]: 	/app/vendor/ruby-2.0.0/lib/ruby/2.0.0/webrick/server.rb:170:in `block in start'
2015-01-11T13:40:00.703456+00:00 app[web.1]: 	/app/vendor/ruby-2.0.0/lib/ruby/2.0.0/webrick/server.rb:32:in `start'
2015-01-11T13:40:00.703458+00:00 app[web.1]: 	/app/vendor/ruby-2.0.0/lib/ruby/2.0.0/webrick/server.rb:160:in `start'
2015-01-11T13:40:00.703459+00:00 app[web.1]: 	/app/vendor/bundle/ruby/2.0.0/gems/rack-1.6.0/lib/rack/handler/webrick.rb:35:in `run'
2015-01-11T13:40:00.703461+00:00 app[web.1]: 	/app/vendor/bundle/ruby/2.0.0/gems/rack-1.6.0/lib/rack/server.rb:286:in `start'
2015-01-11T13:40:00.703462+00:00 app[web.1]: 	/app/vendor/bundle/ruby/2.0.0/gems/railties-4.2.0.rc2/lib/rails/commands/server.rb:80:in `start'
2015-01-11T13:40:00.703464+00:00 app[web.1]: 	/app/vendor/bundle/ruby/2.0.0/gems/railties-4.2.0.rc2/lib/rails/commands/commands_tasks.rb:80:in `block in server'
2015-01-11T13:40:00.703466+00:00 app[web.1]: 	/app/vendor/bundle/ruby/2.0.0/gems/railties-4.2.0.rc2/lib/rails/commands/commands_tasks.rb:75:in `tap'
2015-01-11T13:40:00.703467+00:00 app[web.1]: 	/app/vendor/bundle/ruby/2.0.0/gems/railties-4.2.0.rc2/lib/rails/commands/commands_tasks.rb:75:in `server'
2015-01-11T13:40:00.703469+00:00 app[web.1]: 	/app/vendor/bundle/ruby/2.0.0/gems/railties-4.2.0.rc2/lib/rails/commands/commands_tasks.rb:39:in `run_command!'
2015-01-11T13:40:00.703470+00:00 app[web.1]: 	/app/vendor/bundle/ruby/2.0.0/gems/railties-4.2.0.rc2/lib/rails/commands.rb:17:in `<top (required)>'
2015-01-11T13:40:00.703472+00:00 app[web.1]: 	/app/bin/rails:8:in `require'
2015-01-11T13:40:00.703474+00:00 app[web.1]: 	/app/bin/rails:8:in `<top (required)>'
2015-01-11T13:40:00.703475+00:00 app[web.1]: 	/app/vendor/bundle/ruby/2.0.0/gems/spring-1.2.0/lib/spring/client/rails.rb:27:in `load'
2015-01-11T13:40:00.703477+00:00 app[web.1]: 	/app/vendor/bundle/ruby/2.0.0/gems/spring-1.2.0/lib/spring/client/rails.rb:27:in `call'
2015-01-11T13:40:00.703478+00:00 app[web.1]: 	/app/vendor/bundle/ruby/2.0.0/gems/spring-1.2.0/lib/spring/client/command.rb:7:in `call'
2015-01-11T13:40:00.703479+00:00 app[web.1]: 	/app/vendor/bundle/ruby/2.0.0/gems/spring-1.2.0/lib/spring/client.rb:26:in `run'
2015-01-11T13:40:00.703481+00:00 app[web.1]: 	/app/vendor/bundle/ruby/2.0.0/gems/spring-1.2.0/bin/spring:48:in `<top (required)>'
2015-01-11T13:40:00.703482+00:00 app[web.1]: 	/app/vendor/bundle/ruby/2.0.0/gems/spring-1.2.0/lib/spring/binstub.rb:11:in `load'
2015-01-11T13:40:00.703483+00:00 app[web.1]: 	/app/vendor/bundle/ruby/2.0.0/gems/spring-1.2.0/lib/spring/binstub.rb:11:in `<top (required)>'
2015-01-11T13:40:00.703484+00:00 app[web.1]: 	/app/vendor/ruby-2.0.0/lib/ruby/2.0.0/rubygems/core_ext/kernel_require.rb:55:in `require'
2015-01-11T13:40:00.703486+00:00 app[web.1]: 	/app/vendor/ruby-2.0.0/lib/ruby/2.0.0/rubygems/core_ext/kernel_require.rb:55:in `require'
2015-01-11T13:40:00.703487+00:00 app[web.1]: 	/app/bin/spring:16:in `<top (required)>'
2015-01-11T13:40:00.703488+00:00 app[web.1]: 	bin/rails:3:in `load'
2015-01-11T13:40:00.703496+00:00 app[web.1]: [2015-01-11 13:40:00] INFO  going to shutdown ...
2015-01-11T13:40:00.703490+00:00 app[web.1]: 	bin/rails:3:in `<main>'
2015-01-11T13:40:00.703498+00:00 app[web.1]: [2015-01-11 13:40:00] INFO  WEBrick::HTTPServer#start done.
2015-01-11T13:40:00.703499+00:00 app[web.1]: Exiting
2015-01-11T13:40:01.611556+00:00 heroku[web.1]: Process exited with status 143
2015-01-11T13:40:02.738352+00:00 heroku[web.1]: Starting process with command `bin/rails server -p 52241 -e production`
2015-01-11T13:40:03.952319+00:00 app[web.1]: Warning: You're using Rubygems 2.0.14 with Spring. Upgrade to at least Rubygems 2.1.0 and run `gem pristine --all` for better startup performance.
2015-01-11T13:40:07.504560+00:00 app[web.1]: [2015-01-11 13:40:07] INFO  ruby 2.0.0 (2014-11-13) [x86_64-linux]
2015-01-11T13:40:07.504945+00:00 app[web.1]: [2015-01-11 13:40:07] INFO  WEBrick::HTTPServer#start: pid=2 port=52241
2015-01-11T13:40:07.504463+00:00 app[web.1]: [2015-01-11 13:40:07] INFO  WEBrick 1.3.1
2015-01-11T13:40:08.060717+00:00 heroku[web.1]: State changed from starting to up
2015-01-11T13:41:05.456396+00:00 heroku[api]: Starting process with command `bundle exec rake db:seed` by m.kwgch@gmail.com
2015-01-11T13:41:10.508739+00:00 heroku[run.5892]: Awaiting client
2015-01-11T13:41:10.954349+00:00 heroku[run.5892]: Starting process with command `bundle exec rake db:seed`
2015-01-11T13:41:10.724122+00:00 heroku[run.5892]: State changed from starting to up
